Android Studio Apps/Dmx/app/build/intermediates/manifest_merge_blame_file/debug/manifest-merger-blame-debug-report.txt
1<?xml version="1.0" encoding="utf-8"?>
2<manifest xmlns:android="http://schemas.android.com/apk/res/android"
3    package="deliled.applications.android.dmx"
4    android:versionCode="1"
5    android:versionName="1.0" >
6
7    <uses-sdk
8        android:minSdkVersion="23"
8-->src\main\AndroidManifest.xml
9        android:targetSdkVersion="28" />
9-->src\main\AndroidManifest.xml
10
11    <uses-permission android:name="android.permission.CAMERA" />
11-->src\main\AndroidManifest.xml:7:5-65
11-->src\main\AndroidManifest.xml:7:22-62
12    <uses-permission android:name="android.permission.VIBRATE" />
12-->src\main\AndroidManifest.xml:8:5-66
12-->src\main\AndroidManifest.xml:8:22-63
13
14    <application
14-->src\main\AndroidManifest.xml:10:5-41:19
15        android:allowBackup="true"
15-->src\main\AndroidManifest.xml:11:9-35
16        android:appComponentFactory="androidx.core.app.CoreComponentFactory"
16-->[androidx.core:core:1.1.0] AndroidManifest.xml:24:18-86
17        android:debuggable="true"
18        android:extractNativeLibs="false"
19        android:fullBackupContent="true"
19-->src\main\AndroidManifest.xml:13:9-41
20        android:icon="@drawable/ic_launcher"
20-->src\main\AndroidManifest.xml:12:9-45
21        android:label="@string/app_name"
21-->src\main\AndroidManifest.xml:14:9-41
22        android:screenOrientation="portrait"
22-->src\main\AndroidManifest.xml:15:9-45
23        android:testOnly="true"
24        android:theme="@style/AppTheme" >
24-->src\main\AndroidManifest.xml:16:9-40
25        <activity android:name="deliled.applications.android.dmx.Welcome" >
25-->src\main\AndroidManifest.xml:17:9-22:20
25-->src\main\AndroidManifest.xml:17:19-42
26            <intent-filter>
26-->src\main\AndroidManifest.xml:18:13-21:29
27                <action android:name="android.intent.action.MAIN" />
27-->src\main\AndroidManifest.xml:19:17-69
27-->src\main\AndroidManifest.xml:19:25-66
28
29                <category android:name="android.intent.category.LAUNCHER" />
29-->src\main\AndroidManifest.xml:20:17-77
29-->src\main\AndroidManifest.xml:20:27-74
30            </intent-filter>
31        </activity>
32        <activity
32-->src\main\AndroidManifest.xml:23:9-25:52
33            android:name="deliled.applications.android.dmx.Scan"
33-->src\main\AndroidManifest.xml:24:13-33
34            android:screenOrientation="portrait" />
34-->src\main\AndroidManifest.xml:25:13-49
35        <activity
35-->src\main\AndroidManifest.xml:26:9-28:52
36            android:name="deliled.applications.android.dmx.Qrcode"
36-->src\main\AndroidManifest.xml:27:13-35
37            android:screenOrientation="portrait" />
37-->src\main\AndroidManifest.xml:28:13-49
38        <activity
38-->src\main\AndroidManifest.xml:29:9-31:52
39            android:name="deliled.applications.android.dmx.SettingsDmx"
39-->src\main\AndroidManifest.xml:30:13-40
40            android:screenOrientation="portrait" />
40-->src\main\AndroidManifest.xml:31:13-49
41        <activity
41-->src\main\AndroidManifest.xml:32:9-34:52
42            android:name="deliled.applications.android.dmx.Warningone"
42-->src\main\AndroidManifest.xml:33:13-39
43            android:screenOrientation="portrait" />
43-->src\main\AndroidManifest.xml:34:13-49
44        <activity
44-->src\main\AndroidManifest.xml:35:9-37:52
45            android:name="deliled.applications.android.dmx.Warningtwo"
45-->src\main\AndroidManifest.xml:36:13-39
46            android:screenOrientation="portrait" />
46-->src\main\AndroidManifest.xml:37:13-49
47        <activity
47-->src\main\AndroidManifest.xml:38:9-40:52
48            android:name="deliled.applications.android.dmx.Countdownuvc"
48-->src\main\AndroidManifest.xml:39:13-41
49            android:screenOrientation="portrait" />
49-->src\main\AndroidManifest.xml:40:13-49
50        <activity
50-->[com.google.android.gms:play-services-base:17.0.0] AndroidManifest.xml:23:9-26:75
51            android:name="com.google.android.gms.common.api.GoogleApiActivity"
51-->[com.google.android.gms:play-services-base:17.0.0] AndroidManifest.xml:24:13-79
52            android:exported="false"
52-->[com.google.android.gms:play-services-base:17.0.0] AndroidManifest.xml:25:13-37
53            android:theme="@android:style/Theme.Translucent.NoTitleBar" />
53-->[com.google.android.gms:play-services-base:17.0.0] AndroidManifest.xml:26:13-72
54
55        <meta-data
55-->[com.google.android.gms:play-services-basement:17.0.0] AndroidManifest.xml:23:9-25:69
56            android:name="com.google.android.gms.version"
56-->[com.google.android.gms:play-services-basement:17.0.0] AndroidManifest.xml:24:13-58
57            android:value="@integer/google_play_services_version" />
57-->[com.google.android.gms:play-services-basement:17.0.0] AndroidManifest.xml:25:13-66
58    </application>
59
60</manifest>